<?xml version="1.0" encoding="UTF-8"?>
<testsuite xmlns:xsi="http://www.w3.org/2001/XMLSchema-instance" xsi:noNamespaceSchemaLocation="https://maven.apache.org/surefire/maven-surefire-plugin/xsd/surefire-test-report.xsd" name="runners.CukesRunner" time="480.693" tests="10" errors="0" skipped="0" failures="1">
  <properties>
    <property name="sun.desktop" value="windows"/>
    <property name="awt.toolkit" value="sun.awt.windows.WToolkit"/>
    <property name="java.specification.version" value="12"/>
    <property name="sun.cpu.isalist" value="amd64"/>
    <property name="sun.jnu.encoding" value="Cp1252"/>
    <property name="java.class.path" value="C:\Users\Fuat\CellinkAB.automation\target\test-classes;C:\Users\Fuat\CellinkAB.automation\target\classes;C:\Users\Fuat\.m2\repository\org\seleniumhq\selenium\selenium-java\3.141.59\selenium-java-3.141.59.jar;C:\Users\Fuat\.m2\repository\org\seleniumhq\selenium\selenium-api\3.141.59\selenium-api-3.141.59.jar;C:\Users\Fuat\.m2\repository\org\seleniumhq\selenium\selenium-chrome-driver\3.141.59\selenium-chrome-driver-3.141.59.jar;C:\Users\Fuat\.m2\repository\org\seleniumhq\selenium\selenium-edge-driver\3.141.59\selenium-edge-driver-3.141.59.jar;C:\Users\Fuat\.m2\repository\org\seleniumhq\selenium\selenium-firefox-driver\3.141.59\selenium-firefox-driver-3.141.59.jar;C:\Users\Fuat\.m2\repository\org\seleniumhq\selenium\selenium-ie-driver\3.141.59\selenium-ie-driver-3.141.59.jar;C:\Users\Fuat\.m2\repository\org\seleniumhq\selenium\selenium-opera-driver\3.141.59\selenium-opera-driver-3.141.59.jar;C:\Users\Fuat\.m2\repository\org\seleniumhq\selenium\selenium-remote-driver\3.141.59\selenium-remote-driver-3.141.59.jar;C:\Users\Fuat\.m2\repository\org\seleniumhq\selenium\selenium-safari-driver\3.141.59\selenium-safari-driver-3.141.59.jar;C:\Users\Fuat\.m2\repository\org\seleniumhq\selenium\selenium-support\3.141.59\selenium-support-3.141.59.jar;C:\Users\Fuat\.m2\repository\net\bytebuddy\byte-buddy\1.8.15\byte-buddy-1.8.15.jar;C:\Users\Fuat\.m2\repository\org\apache\commons\commons-exec\1.3\commons-exec-1.3.jar;C:\Users\Fuat\.m2\repository\com\google\guava\guava\25.0-jre\guava-25.0-jre.jar;C:\Users\Fuat\.m2\repository\com\google\code\findbugs\jsr305\1.3.9\jsr305-1.3.9.jar;C:\Users\Fuat\.m2\repository\org\checkerframework\checker-compat-qual\2.0.0\checker-compat-qual-2.0.0.jar;C:\Users\Fuat\.m2\repository\com\google\errorprone\error_prone_annotations\2.1.3\error_prone_annotations-2.1.3.jar;C:\Users\Fuat\.m2\repository\com\google\j2objc\j2objc-annotations\1.1\j2objc-annotations-1.1.jar;C:\Users\Fuat\.m2\repository\org\codehaus\mojo\animal-sniffer-annotations\1.14\animal-sniffer-annotations-1.14.jar;C:\Users\Fuat\.m2\repository\com\squareup\okhttp3\okhttp\3.11.0\okhttp-3.11.0.jar;C:\Users\Fuat\.m2\repository\com\squareup\okio\okio\1.14.0\okio-1.14.0.jar;C:\Users\Fuat\.m2\repository\io\github\bonigarcia\webdrivermanager\4.3.1\webdrivermanager-4.3.1.jar;C:\Users\Fuat\.m2\repository\org\slf4j\slf4j-api\1.7.30\slf4j-api-1.7.30.jar;C:\Users\Fuat\.m2\repository\commons-io\commons-io\2.8.0\commons-io-2.8.0.jar;C:\Users\Fuat\.m2\repository\com\google\code\gson\gson\2.8.6\gson-2.8.6.jar;C:\Users\Fuat\.m2\repository\org\apache\commons\commons-lang3\3.11\commons-lang3-3.11.jar;C:\Users\Fuat\.m2\repository\org\apache\httpcomponents\client5\httpclient5\5.0.3\httpclient5-5.0.3.jar;C:\Users\Fuat\.m2\repository\org\apache\httpcomponents\core5\httpcore5\5.0.2\httpcore5-5.0.2.jar;C:\Users\Fuat\.m2\repository\org\apache\httpcomponents\core5\httpcore5-h2\5.0.2\httpcore5-h2-5.0.2.jar;C:\Users\Fuat\.m2\repository\commons-codec\commons-codec\1.13\commons-codec-1.13.jar;C:\Users\Fuat\.m2\repository\org\rauschig\jarchivelib\1.1.0\jarchivelib-1.1.0.jar;C:\Users\Fuat\.m2\repository\org\apache\commons\commons-compress\1.20\commons-compress-1.20.jar;C:\Users\Fuat\.m2\repository\org\jsoup\jsoup\1.13.1\jsoup-1.13.1.jar;C:\Users\Fuat\.m2\repository\io\cucumber\cucumber-java\6.10.0\cucumber-java-6.10.0.jar;C:\Users\Fuat\.m2\repository\io\cucumber\cucumber-core\6.10.0\cucumber-core-6.10.0.jar;C:\Users\Fuat\.m2\repository\io\cucumber\cucumber-gherkin\6.10.0\cucumber-gherkin-6.10.0.jar;C:\Users\Fuat\.m2\repository\io\cucumber\cucumber-gherkin-messages\6.10.0\cucumber-gherkin-messages-6.10.0.jar;C:\Users\Fuat\.m2\repository\io\cucumber\messages\14.0.1\messages-14.0.1.jar;C:\Users\Fuat\.m2\repository\io\cucumber\tag-expressions\3.0.0\tag-expressions-3.0.0.jar;C:\Users\Fuat\.m2\repository\io\cucumber\cucumber-expressions\10.3.0\cucumber-expressions-10.3.0.jar;C:\Users\Fuat\.m2\repository\io\cucumber\datatable\3.5.0\datatable-3.5.0.jar;C:\Users\Fuat\.m2\repository\io\cucumber\cucumber-plugin\6.10.0\cucumber-plugin-6.10.0.jar;C:\Users\Fuat\.m2\repository\io\cucumber\docstring\6.10.0\docstring-6.10.0.jar;C:\Users\Fuat\.m2\repository\io\cucumber\html-formatter\12.0.0\html-formatter-12.0.0.jar;C:\Users\Fuat\.m2\repository\io\cucumber\create-meta\3.0.0\create-meta-3.0.0.jar;C:\Users\Fuat\.m2\repository\org\apiguardian\apiguardian-api\1.1.1\apiguardian-api-1.1.1.jar;C:\Users\Fuat\.m2\repository\io\cucumber\cucumber-junit\6.10.0\cucumber-junit-6.10.0.jar;C:\Users\Fuat\.m2\repository\junit\junit\4.13.2\junit-4.13.2.jar;C:\Users\Fuat\.m2\repository\org\hamcrest\hamcrest-core\1.3\hamcrest-core-1.3.jar;C:\Users\Fuat\.m2\repository\net\masterthought\maven-cucumber-reporting\5.5.0\maven-cucumber-reporting-5.5.0.jar;C:\Users\Fuat\.m2\repository\org\apache\maven\maven-plugin-api\3.6.3\maven-plugin-api-3.6.3.jar;C:\Users\Fuat\.m2\repository\org\apache\maven\maven-model\3.6.3\maven-model-3.6.3.jar;C:\Users\Fuat\.m2\repository\org\apache\maven\maven-artifact\3.6.3\maven-artifact-3.6.3.jar;C:\Users\Fuat\.m2\repository\org\eclipse\sisu\org.eclipse.sisu.plexus\0.3.4\org.eclipse.sisu.plexus-0.3.4.jar;C:\Users\Fuat\.m2\repository\javax\enterprise\cdi-api\1.0\cdi-api-1.0.jar;C:\Users\Fuat\.m2\repository\javax\annotation\jsr250-api\1.0\jsr250-api-1.0.jar;C:\Users\Fuat\.m2\repository\javax\inject\javax.inject\1\javax.inject-1.jar;C:\Users\Fuat\.m2\repository\org\eclipse\sisu\org.eclipse.sisu.inject\0.3.4\org.eclipse.sisu.inject-0.3.4.jar;C:\Users\Fuat\.m2\repository\org\codehaus\plexus\plexus-component-annotations\1.5.5\plexus-component-annotations-1.5.5.jar;C:\Users\Fuat\.m2\repository\org\codehaus\plexus\plexus-utils\3.2.1\plexus-utils-3.2.1.jar;C:\Users\Fuat\.m2\repository\org\codehaus\plexus\plexus-classworlds\2.6.0\plexus-classworlds-2.6.0.jar;C:\Users\Fuat\.m2\repository\org\apache\maven\plugins\maven-gpg-plugin\1.6\maven-gpg-plugin-1.6.jar;C:\Users\Fuat\.m2\repository\org\apache\maven\maven-project\2.2.1\maven-project-2.2.1.jar;C:\Users\Fuat\.m2\repository\org\apache\maven\maven-settings\2.2.1\maven-settings-2.2.1.jar;C:\Users\Fuat\.m2\repository\org\apache\maven\maven-profile\2.2.1\maven-profile-2.2.1.jar;C:\Users\Fuat\.m2\repository\org\apache\maven\maven-artifact-manager\2.2.1\maven-artifact-manager-2.2.1.jar;C:\Users\Fuat\.m2\repository\org\apache\maven\wagon\wagon-provider-api\1.0-beta-6\wagon-provider-api-1.0-beta-6.jar;C:\Users\Fuat\.m2\repository\backport-util-concurrent\backport-util-concurrent\3.1\backport-util-concurrent-3.1.jar;C:\Users\Fuat\.m2\repository\org\apache\maven\maven-plugin-registry\2.2.1\maven-plugin-registry-2.2.1.jar;C:\Users\Fuat\.m2\repository\org\codehaus\plexus\plexus-interpolation\1.11\plexus-interpolation-1.11.jar;C:\Users\Fuat\.m2\repository\org\codehaus\plexus\plexus-container-default\1.0-alpha-9-stable-1\plexus-container-default-1.0-alpha-9-stable-1.jar;C:\Users\Fuat\.m2\repository\classworlds\classworlds\1.1-alpha-2\classworlds-1.1-alpha-2.jar;C:\Users\Fuat\.m2\repository\org\apache\maven\maven-repository-metadata\2.2.1\maven-repository-metadata-2.2.1.jar;C:\Users\Fuat\.m2\repository\org\sonatype\plexus\plexus-sec-dispatcher\1.4\plexus-sec-dispatcher-1.4.jar;C:\Users\Fuat\.m2\repository\org\sonatype\plexus\plexus-cipher\1.4\plexus-cipher-1.4.jar;C:\Users\Fuat\.m2\repository\net\masterthought\cucumber-reporting\5.5.2\cucumber-reporting-5.5.2.jar;C:\Users\Fuat\.m2\repository\com\fasterxml\jackson\core\jackson-databind\2.12.1\jackson-databind-2.12.1.jar;C:\Users\Fuat\.m2\repository\com\fasterxml\jackson\core\jackson-annotations\2.12.1\jackson-annotations-2.12.1.jar;C:\Users\Fuat\.m2\repository\com\fasterxml\jackson\core\jackson-core\2.12.1\jackson-core-2.12.1.jar;C:\Users\Fuat\.m2\repository\com\fasterxml\jackson\datatype\jackson-datatype-jsr310\2.12.1\jackson-datatype-jsr310-2.12.1.jar;C:\Users\Fuat\.m2\repository\org\apache\velocity\velocity-engine-core\2.2\velocity-engine-core-2.2.jar;C:\Users\Fuat\.m2\repository\commons-collections\commons-collections\3.2.2\commons-collections-3.2.2.jar;C:\Users\Fuat\.m2\repository\joda-time\joda-time\2.10.9\joda-time-2.10.9.jar;C:\Users\Fuat\.m2\repository\com\googlecode\owasp-java-html-sanitizer\owasp-java-html-sanitizer\20200713.1\owasp-java-html-sanitizer-20200713.1.jar;C:\Users\Fuat\.m2\repository\commons-configuration\commons-configuration\1.10\commons-configuration-1.10.jar;C:\Users\Fuat\.m2\repository\commons-lang\commons-lang\2.6\commons-lang-2.6.jar;C:\Users\Fuat\.m2\repository\commons-logging\commons-logging\1.1.1\commons-logging-1.1.1.jar;"/>
    <property name="java.vm.vendor" value="Oracle Corporation"/>
    <property name="sun.arch.data.model" value="64"/>
    <property name="user.variant" value=""/>
    <property name="java.vendor.url" value="https://java.oracle.com/"/>
    <property name="user.timezone" value="America/Los_Angeles"/>
    <property name="os.name" value="Windows 10"/>
    <property name="java.vm.specification.version" value="12"/>
    <property name="sun.java.launcher" value="SUN_STANDARD"/>
    <property name="user.country" value="US"/>
    <property name="sun.boot.library.path" value="C:\Program Files\Java\jdk-12.0.2\bin"/>
    <property name="sun.java.command" value="C:\Users\Fuat\AppData\Local\Temp\surefire15398328046400188345\surefirebooter4233640900808201824.jar C:\Users\Fuat\AppData\Local\Temp\surefire15398328046400188345 2021-03-25T19-16-42_665-jvmRun1 surefire14972964591663014829tmp surefire_011170553500445540219tmp"/>
    <property name="jdk.debug" value="release"/>
    <property name="surefire.test.class.path" value="C:\Users\Fuat\CellinkAB.automation\target\test-classes;C:\Users\Fuat\CellinkAB.automation\target\classes;C:\Users\Fuat\.m2\repository\org\seleniumhq\selenium\selenium-java\3.141.59\selenium-java-3.141.59.jar;C:\Users\Fuat\.m2\repository\org\seleniumhq\selenium\selenium-api\3.141.59\selenium-api-3.141.59.jar;C:\Users\Fuat\.m2\repository\org\seleniumhq\selenium\selenium-chrome-driver\3.141.59\selenium-chrome-driver-3.141.59.jar;C:\Users\Fuat\.m2\repository\org\seleniumhq\selenium\selenium-edge-driver\3.141.59\selenium-edge-driver-3.141.59.jar;C:\Users\Fuat\.m2\repository\org\seleniumhq\selenium\selenium-firefox-driver\3.141.59\selenium-firefox-driver-3.141.59.jar;C:\Users\Fuat\.m2\repository\org\seleniumhq\selenium\selenium-ie-driver\3.141.59\selenium-ie-driver-3.141.59.jar;C:\Users\Fuat\.m2\repository\org\seleniumhq\selenium\selenium-opera-driver\3.141.59\selenium-opera-driver-3.141.59.jar;C:\Users\Fuat\.m2\repository\org\seleniumhq\selenium\selenium-remote-driver\3.141.59\selenium-remote-driver-3.141.59.jar;C:\Users\Fuat\.m2\repository\org\seleniumhq\selenium\selenium-safari-driver\3.141.59\selenium-safari-driver-3.141.59.jar;C:\Users\Fuat\.m2\repository\org\seleniumhq\selenium\selenium-support\3.141.59\selenium-support-3.141.59.jar;C:\Users\Fuat\.m2\repository\net\bytebuddy\byte-buddy\1.8.15\byte-buddy-1.8.15.jar;C:\Users\Fuat\.m2\repository\org\apache\commons\commons-exec\1.3\commons-exec-1.3.jar;C:\Users\Fuat\.m2\repository\com\google\guava\guava\25.0-jre\guava-25.0-jre.jar;C:\Users\Fuat\.m2\repository\com\google\code\findbugs\jsr305\1.3.9\jsr305-1.3.9.jar;C:\Users\Fuat\.m2\repository\org\checkerframework\checker-compat-qual\2.0.0\checker-compat-qual-2.0.0.jar;C:\Users\Fuat\.m2\repository\com\google\errorprone\error_prone_annotations\2.1.3\error_prone_annotations-2.1.3.jar;C:\Users\Fuat\.m2\repository\com\google\j2objc\j2objc-annotations\1.1\j2objc-annotations-1.1.jar;C:\Users\Fuat\.m2\repository\org\codehaus\mojo\animal-sniffer-annotations\1.14\animal-sniffer-annotations-1.14.jar;C:\Users\Fuat\.m2\repository\com\squareup\okhttp3\okhttp\3.11.0\okhttp-3.11.0.jar;C:\Users\Fuat\.m2\repository\com\squareup\okio\okio\1.14.0\okio-1.14.0.jar;C:\Users\Fuat\.m2\repository\io\github\bonigarcia\webdrivermanager\4.3.1\webdrivermanager-4.3.1.jar;C:\Users\Fuat\.m2\repository\org\slf4j\slf4j-api\1.7.30\slf4j-api-1.7.30.jar;C:\Users\Fuat\.m2\repository\commons-io\commons-io\2.8.0\commons-io-2.8.0.jar;C:\Users\Fuat\.m2\repository\com\google\code\gson\gson\2.8.6\gson-2.8.6.jar;C:\Users\Fuat\.m2\repository\org\apache\commons\commons-lang3\3.11\commons-lang3-3.11.jar;C:\Users\Fuat\.m2\repository\org\apache\httpcomponents\client5\httpclient5\5.0.3\httpclient5-5.0.3.jar;C:\Users\Fuat\.m2\repository\org\apache\httpcomponents\core5\httpcore5\5.0.2\httpcore5-5.0.2.jar;C:\Users\Fuat\.m2\repository\org\apache\httpcomponents\core5\httpcore5-h2\5.0.2\httpcore5-h2-5.0.2.jar;C:\Users\Fuat\.m2\repository\commons-codec\commons-codec\1.13\commons-codec-1.13.jar;C:\Users\Fuat\.m2\repository\org\rauschig\jarchivelib\1.1.0\jarchivelib-1.1.0.jar;C:\Users\Fuat\.m2\repository\org\apache\commons\commons-compress\1.20\commons-compress-1.20.jar;C:\Users\Fuat\.m2\repository\org\jsoup\jsoup\1.13.1\jsoup-1.13.1.jar;C:\Users\Fuat\.m2\repository\io\cucumber\cucumber-java\6.10.0\cucumber-java-6.10.0.jar;C:\Users\Fuat\.m2\repository\io\cucumber\cucumber-core\6.10.0\cucumber-core-6.10.0.jar;C:\Users\Fuat\.m2\repository\io\cucumber\cucumber-gherkin\6.10.0\cucumber-gherkin-6.10.0.jar;C:\Users\Fuat\.m2\repository\io\cucumber\cucumber-gherkin-messages\6.10.0\cucumber-gherkin-messages-6.10.0.jar;C:\Users\Fuat\.m2\repository\io\cucumber\messages\14.0.1\messages-14.0.1.jar;C:\Users\Fuat\.m2\repository\io\cucumber\tag-expressions\3.0.0\tag-expressions-3.0.0.jar;C:\Users\Fuat\.m2\repository\io\cucumber\cucumber-expressions\10.3.0\cucumber-expressions-10.3.0.jar;C:\Users\Fuat\.m2\repository\io\cucumber\datatable\3.5.0\datatable-3.5.0.jar;C:\Users\Fuat\.m2\repository\io\cucumber\cucumber-plugin\6.10.0\cucumber-plugin-6.10.0.jar;C:\Users\Fuat\.m2\repository\io\cucumber\docstring\6.10.0\docstring-6.10.0.jar;C:\Users\Fuat\.m2\repository\io\cucumber\html-formatter\12.0.0\html-formatter-12.0.0.jar;C:\Users\Fuat\.m2\repository\io\cucumber\create-meta\3.0.0\create-meta-3.0.0.jar;C:\Users\Fuat\.m2\repository\org\apiguardian\apiguardian-api\1.1.1\apiguardian-api-1.1.1.jar;C:\Users\Fuat\.m2\repository\io\cucumber\cucumber-junit\6.10.0\cucumber-junit-6.10.0.jar;C:\Users\Fuat\.m2\repository\junit\junit\4.13.2\junit-4.13.2.jar;C:\Users\Fuat\.m2\repository\org\hamcrest\hamcrest-core\1.3\hamcrest-core-1.3.jar;C:\Users\Fuat\.m2\repository\net\masterthought\maven-cucumber-reporting\5.5.0\maven-cucumber-reporting-5.5.0.jar;C:\Users\Fuat\.m2\repository\org\apache\maven\maven-plugin-api\3.6.3\maven-plugin-api-3.6.3.jar;C:\Users\Fuat\.m2\repository\org\apache\maven\maven-model\3.6.3\maven-model-3.6.3.jar;C:\Users\Fuat\.m2\repository\org\apache\maven\maven-artifact\3.6.3\maven-artifact-3.6.3.jar;C:\Users\Fuat\.m2\repository\org\eclipse\sisu\org.eclipse.sisu.plexus\0.3.4\org.eclipse.sisu.plexus-0.3.4.jar;C:\Users\Fuat\.m2\repository\javax\enterprise\cdi-api\1.0\cdi-api-1.0.jar;C:\Users\Fuat\.m2\repository\javax\annotation\jsr250-api\1.0\jsr250-api-1.0.jar;C:\Users\Fuat\.m2\repository\javax\inject\javax.inject\1\javax.inject-1.jar;C:\Users\Fuat\.m2\repository\org\eclipse\sisu\org.eclipse.sisu.inject\0.3.4\org.eclipse.sisu.inject-0.3.4.jar;C:\Users\Fuat\.m2\repository\org\codehaus\plexus\plexus-component-annotations\1.5.5\plexus-component-annotations-1.5.5.jar;C:\Users\Fuat\.m2\repository\org\codehaus\plexus\plexus-utils\3.2.1\plexus-utils-3.2.1.jar;C:\Users\Fuat\.m2\repository\org\codehaus\plexus\plexus-classworlds\2.6.0\plexus-classworlds-2.6.0.jar;C:\Users\Fuat\.m2\repository\org\apache\maven\plugins\maven-gpg-plugin\1.6\maven-gpg-plugin-1.6.jar;C:\Users\Fuat\.m2\repository\org\apache\maven\maven-project\2.2.1\maven-project-2.2.1.jar;C:\Users\Fuat\.m2\repository\org\apache\maven\maven-settings\2.2.1\maven-settings-2.2.1.jar;C:\Users\Fuat\.m2\repository\org\apache\maven\maven-profile\2.2.1\maven-profile-2.2.1.jar;C:\Users\Fuat\.m2\repository\org\apache\maven\maven-artifact-manager\2.2.1\maven-artifact-manager-2.2.1.jar;C:\Users\Fuat\.m2\repository\org\apache\maven\wagon\wagon-provider-api\1.0-beta-6\wagon-provider-api-1.0-beta-6.jar;C:\Users\Fuat\.m2\repository\backport-util-concurrent\backport-util-concurrent\3.1\backport-util-concurrent-3.1.jar;C:\Users\Fuat\.m2\repository\org\apache\maven\maven-plugin-registry\2.2.1\maven-plugin-registry-2.2.1.jar;C:\Users\Fuat\.m2\repository\org\codehaus\plexus\plexus-interpolation\1.11\plexus-interpolation-1.11.jar;C:\Users\Fuat\.m2\repository\org\codehaus\plexus\plexus-container-default\1.0-alpha-9-stable-1\plexus-container-default-1.0-alpha-9-stable-1.jar;C:\Users\Fuat\.m2\repository\classworlds\classworlds\1.1-alpha-2\classworlds-1.1-alpha-2.jar;C:\Users\Fuat\.m2\repository\org\apache\maven\maven-repository-metadata\2.2.1\maven-repository-metadata-2.2.1.jar;C:\Users\Fuat\.m2\repository\org\sonatype\plexus\plexus-sec-dispatcher\1.4\plexus-sec-dispatcher-1.4.jar;C:\Users\Fuat\.m2\repository\org\sonatype\plexus\plexus-cipher\1.4\plexus-cipher-1.4.jar;C:\Users\Fuat\.m2\repository\net\masterthought\cucumber-reporting\5.5.2\cucumber-reporting-5.5.2.jar;C:\Users\Fuat\.m2\repository\com\fasterxml\jackson\core\jackson-databind\2.12.1\jackson-databind-2.12.1.jar;C:\Users\Fuat\.m2\repository\com\fasterxml\jackson\core\jackson-annotations\2.12.1\jackson-annotations-2.12.1.jar;C:\Users\Fuat\.m2\repository\com\fasterxml\jackson\core\jackson-core\2.12.1\jackson-core-2.12.1.jar;C:\Users\Fuat\.m2\repository\com\fasterxml\jackson\datatype\jackson-datatype-jsr310\2.12.1\jackson-datatype-jsr310-2.12.1.jar;C:\Users\Fuat\.m2\repository\org\apache\velocity\velocity-engine-core\2.2\velocity-engine-core-2.2.jar;C:\Users\Fuat\.m2\repository\commons-collections\commons-collections\3.2.2\commons-collections-3.2.2.jar;C:\Users\Fuat\.m2\repository\joda-time\joda-time\2.10.9\joda-time-2.10.9.jar;C:\Users\Fuat\.m2\repository\com\googlecode\owasp-java-html-sanitizer\owasp-java-html-sanitizer\20200713.1\owasp-java-html-sanitizer-20200713.1.jar;C:\Users\Fuat\.m2\repository\commons-configuration\commons-configuration\1.10\commons-configuration-1.10.jar;C:\Users\Fuat\.m2\repository\commons-lang\commons-lang\2.6\commons-lang-2.6.jar;C:\Users\Fuat\.m2\repository\commons-logging\commons-logging\1.1.1\commons-logging-1.1.1.jar;"/>
    <property name="sun.cpu.endian" value="little"/>
    <property name="user.home" value="C:\Users\Fuat"/>
    <property name="user.language" value="en"/>
    <property name="java.specification.vendor" value="Oracle Corporation"/>
    <property name="java.version.date" value="2019-07-16"/>
    <property name="java.home" value="C:\Program Files\Java\jdk-12.0.2"/>
    <property name="file.separator" value="\"/>
    <property name="basedir" value="C:\Users\Fuat\CellinkAB.automation"/>
    <property name="java.vm.compressedOopsMode" value="32-bit"/>
    <property name="line.separator" value="&#10;"/>
    <property name="java.vm.specification.vendor" value="Oracle Corporation"/>
    <property name="java.specification.name" value="Java Platform API Specification"/>
    <property name="java.awt.graphicsenv" value="sun.awt.Win32GraphicsEnvironment"/>
    <property name="surefire.real.class.path" value="C:\Users\Fuat\AppData\Local\Temp\surefire15398328046400188345\surefirebooter4233640900808201824.jar"/>
    <property name="user.script" value=""/>
    <property name="sun.management.compiler" value="HotSpot 64-Bit Tiered Compilers"/>
    <property name="java.runtime.version" value="12.0.2+10"/>
    <property name="user.name" value="Fuat"/>
    <property name="path.separator" value=";"/>
    <property name="os.version" value="10.0"/>
    <property name="java.runtime.name" value="Java(TM) SE Runtime Environment"/>
    <property name="file.encoding" value="Cp1252"/>
    <property name="java.vm.name" value="Java HotSpot(TM) 64-Bit Server VM"/>
    <property name="localRepository" value="C:\Users\Fuat\.m2\repository"/>
    <property name="java.vendor.url.bug" value="https://bugreport.java.com/bugreport/"/>
    <property name="java.io.tmpdir" value="C:\Users\Fuat\AppData\Local\Temp\"/>
    <property name="idea.version" value="2020.3.3"/>
    <property name="java.version" value="12.0.2"/>
    <property name="user.dir" value="C:\Users\Fuat\CellinkAB.automation"/>
    <property name="os.arch" value="amd64"/>
    <property name="java.vm.specification.name" value="Java Virtual Machine Specification"/>
    <property name="sun.os.patch.level" value=""/>
    <property name="java.library.path" value="C:\Program Files\Java\jdk-12.0.2\bin;C:\WINDOWS\Sun\Java\bin;C:\WINDOWS\system32;C:\WINDOWS;C:\WINDOWS\system32;C:\WINDOWS;C:\WINDOWS\System32\Wbem;C:\WINDOWS\System32\WindowsPowerShell\v1.0\;C:\WINDOWS\System32\OpenSSH\;C:\Program Files\Java\jdk-12.0.2\bin;C:\Program Files\Git\cmd;C:\apache-maven-3.6.3\bin;C:\Users\Fuat\AppData\Local\Android\Sdk\tools;C:\Users\Fuat\AppData\Local\Android\Sdk\platform-tools;C:\Users\Fuat\AppData\Local\Microsoft\WindowsApps;;."/>
    <property name="java.vm.info" value="mixed mode, sharing"/>
    <property name="java.vendor" value="Oracle Corporation"/>
    <property name="java.vm.version" value="12.0.2+10"/>
    <property name="sun.io.unicode.encoding" value="UnicodeLittle"/>
    <property name="java.class.version" value="56.0"/>
  </properties>
  <testcase name="Verify Nozzle which is Sterile high-precision conical bioprinting nozzles, 50 pieces and price under the online store" classname="Online store" time="58.453"/>
  <testcase name="Verify that sorting in the Online Store is working as expected" classname="Online store" time="48.417"/>
  <testcase name="Verify that productSearch in the Online Store is working as expected" classname="Online store" time="58.799"/>
  <testcase name="Verify that user should be able to see 6 Nozzles products" classname="Online store" time="43.856"/>
  <testcase name="Verify that user should be able to see first Nozzles product is &quot;Nozzle kit&quot;" classname="Online store" time="42.631"/>
  <testcase name="Verify that user should be able to see second Nozzles product is &quot;Sterile high-precision conical bioprinting nozzles, 50 pieces&quot;" classname="Online store" time="45.376"/>
  <testcase name="Verify that user should be able to see first Nozzles product is &quot;Sterile micron precision conical nozzles&quot;" classname="Online store" time="42.411"/>
  <testcase name="Verify that user should be able to see first Nozzles product is &quot;Sterile precision conical nozzles&quot;" classname="Online store" time="45.035"/>
  <testcase name="Verify that user should be able to see first Nozzles product is &quot;Sterile standard conical bioprinting nozzles, 50 pieces&quot;" classname="Online store" time="47.568">
    <failure type="java.lang.AssertionError">java.lang.AssertionError
</failure>
    <system-out><![CDATA[Before is executed FIRST regardless of it's placement
closing
]]></system-out>
    <system-err><![CDATA[Starting ChromeDriver 89.0.4389.23 (61b08ee2c50024bab004e48d2b1b083cdbdac579-refs/branch-heads/4389@{#294}) on port 32532
Only local connections are allowed.
Please see https://chromedriver.chromium.org/security-considerations for suggestions on keeping ChromeDriver safe.
ChromeDriver was started successfully.
Mar 25, 2021 7:23:12 PM org.openqa.selenium.remote.ProtocolHandshake createSession
INFO: Detected dialect: W3C
]]></system-err>
  </testcase>
  <testcase name="Verify that user should be able to see first Nozzles product is &quot;Thermoplastic nozzle&quot;" classname="Online store" time="46.069"/>
</testsuite>